{"/Users/kostya-phoenix7/Develop/warsaw-js-ai-testing/example1/index.ts": {"path":"/Users/kostya-phoenix7/Develop/warsaw-js-ai-testing/example1/index.ts","statementMap":{"0":{"start":{"line":1,"column":0},"end":{"line":1,"column":16}},"1":{"start":{"line":4,"column":4},"end":{"line":19,"column":5}},"2":{"start":{"line":6,"column":12},"end":{"line":6,"column":74}},"3":{"start":{"line":7,"column":12},"end":{"line":7,"column":18}},"4":{"start":{"line":9,"column":12},"end":{"line":9,"column":56}},"5":{"start":{"line":10,"column":12},"end":{"line":10,"column":18}},"6":{"start":{"line":12,"column":12},"end":{"line":12,"column":69}},"7":{"start":{"line":13,"column":12},"end":{"line":13,"column":18}},"8":{"start":{"line":15,"column":12},"end":{"line":15,"column":38}},"9":{"start":{"line":16,"column":12},"end":{"line":16,"column":18}},"10":{"start":{"line":18,"column":12},"end":{"line":18,"column":62}},"11":{"start":{"line":21,"column":4},"end":{"line":21,"column":36}}},"fnMap":{"0":{"name":"extractPatterns","decl":{"start":{"line":1,"column":16},"end":{"line":1,"column":31}},"loc":{"start":{"line":1,"column":96},"end":{"line":22,"column":1}}}},"branchMap":{"0":{"loc":{"start":{"line":4,"column":4},"end":{"line":19,"column":5}},"type":"switch","locations":[{"start":{"line":5,"column":8},"end":{"line":7,"column":18}},{"start":{"line":8,"column":8},"end":{"line":10,"column":18}},{"start":{"line":11,"column":8},"end":{"line":13,"column":18}},{"start":{"line":14,"column":8},"end":{"line":16,"column":18}},{"start":{"line":17,"column":8},"end":{"line":18,"column":62}}]},"1":{"loc":{"start":{"line":21,"column":11},"end":{"line":21,"column":35}},"type":"binary-expr","locations":[{"start":{"line":21,"column":11},"end":{"line":21,"column":29}},{"start":{"line":21,"column":33},"end":{"line":21,"column":35}}]}},"s":{"0":1,"1":13,"2":2,"3":2,"4":2,"5":2,"6":6,"7":6,"8":2,"9":2,"10":1,"11":12},"f":{"0":13},"b":{"0":[2,2,6,2,1],"1":[12,6]}}
}
